# Logfile created on 2021-05-03 21:53:12 +0800 by logger.rb/56815
[2021-05-03T21:53:13+08:00] INFO: Started chef-zero at chefzero://localhost:1 with repository at /opt/gitlab/embedded
  One version per cookbook

[2021-05-03T21:53:13+08:00] INFO: *** Chef 13.6.4 ***
[2021-05-03T21:53:13+08:00] INFO: Platform: x86_64-linux
[2021-05-03T21:53:13+08:00] INFO: Chef-client pid: 45
[2021-05-03T21:53:13+08:00] INFO: The plugin path /etc/chef/ohai/plugins does not exist. Skipping...
[2021-05-03T21:53:15+08:00] WARN: Plugin Network: unable to detect ipaddress
[2021-05-03T21:53:15+08:00] INFO: Setting the run_list to ["recipe[gitlab]"] from CLI options
[2021-05-03T21:53:15+08:00] INFO: Run List is [recipe[gitlab]]
[2021-05-03T21:53:15+08:00] INFO: Run List expands to [gitlab]
[2021-05-03T21:53:15+08:00] INFO: Starting Chef Run for gitlab
[2021-05-03T21:53:15+08:00] INFO: Running start handlers
[2021-05-03T21:53:15+08:00] INFO: Start handlers complete.
[2021-05-03T21:53:17+08:00] INFO: Loading cookbooks [gitlab@0.0.1, package@0.1.0, postgresql@0.1.0, registry@0.1.0, mattermost@0.1.0, consul@0.0.0, gitaly@0.1.0, letsencrypt@0.1.0, nginx@0.1.0, runit@0.14.2, acme@3.1.0, crond@0.1.0, compat_resource@12.19.0]
[2021-05-03T21:53:19+08:00] WARN: Runtime directory '/run' is not a tmpfs.
[2021-05-03T21:53:19+08:00] WARN: Skipped selecting an init system because it looks like we are running in a container
[2021-05-03T21:53:20+08:00] INFO: The plugin path /etc/chef/ohai/plugins does not exist. Skipping...
[2021-05-03T21:53:20+08:00] INFO: execute[/opt/gitlab/embedded/service/gitlab-shell/bin/gitlab-keys check-permissions] ran successfully
[2021-05-03T21:53:21+08:00] INFO: template[/var/opt/gitlab/gitlab-rails/etc/database.yml] group changed to 998
[2021-05-03T21:53:22+08:00] INFO: execute[chown -R root:root /opt/gitlab/embedded/service/gitlab-rails/public] ran successfully
[2021-05-03T21:53:22+08:00] INFO: link[/opt/gitlab/service/redis] created
[2021-05-03T21:53:22+08:00] INFO: link[/opt/gitlab/service/postgresql] created
[2021-05-03T21:53:23+08:00] INFO: link[/opt/gitlab/service/unicorn] created
[2021-05-03T21:53:23+08:00] INFO: link[/opt/gitlab/service/sidekiq] created
[2021-05-03T21:53:23+08:00] INFO: link[/opt/gitlab/service/gitlab-workhorse] created
[2021-05-03T21:53:23+08:00] INFO: link[/opt/gitlab/service/nginx] created
[2021-05-03T21:53:23+08:00] INFO: link[/opt/gitlab/service/logrotate] created
[2021-05-03T21:53:24+08:00] INFO: link[/opt/gitlab/service/gitaly] created
[2021-05-03T21:53:24+08:00] INFO: link[/opt/gitlab/service/node-exporter] created
[2021-05-03T21:53:26+08:00] INFO: link[/opt/gitlab/service/gitlab-monitor] created
[2021-05-03T21:53:26+08:00] INFO: link[/opt/gitlab/service/redis-exporter] created
[2021-05-03T21:53:27+08:00] INFO: link[/opt/gitlab/service/prometheus] created
[2021-05-03T21:53:28+08:00] INFO: link[/opt/gitlab/service/alertmanager] created
[2021-05-03T21:53:29+08:00] INFO: link[/opt/gitlab/service/postgres-exporter] created
[2021-05-03T21:53:31+08:00] INFO: Chef Run complete in 15.637201323 seconds
[2021-05-03T21:53:31+08:00] INFO: Running report handlers
[2021-05-03T21:53:32+08:00] INFO: Report handlers complete
